#
# A fatal error has been detected by the Java Runtime Environment:
#
#  EXCEPTION_ACCESS_VIOLATION (0xc0000005) at pc=0x000000006524c0ea, pid=7288, tid=0x0000000000001894
#
# JRE version: Java(TM) SE Runtime Environment (8.0_241-b07) (build 1.8.0_241-b07)
# Java VM: Java HotSpot(TM) 64-Bit Server VM (25.241-b07 mixed mode windows-amd64 compressed oops)
# Problematic frame:
# V  [jvm.dll+0x13c0ea]
#
# Failed to write core dump. Minidumps are not enabled by default on client versions of Windows
#
# If you would like to submit a bug report, please visit:
#   http://bugreport.java.com/bugreport/crash.jsp
#

---------------  T H R E A D  ---------------

Current thread (0x000000001e2a2800):  JavaThread "JDWP Transport Listener: dt_socket" daemon [_thread_in_vm, id=6292, stack(0x000000001e6a0000,0x000000001e7a0000)]

siginfo: ExceptionCode=0xc0000005, reading address 0x0000000000be00cd

Registers:
RAX=0x000000001c0a38a8, RBX=0x000000001e79f0c0, RCX=0x0000000000be00cd, RDX=0x000000000000ca82
RSP=0x000000001e79ed10, RBP=0x000000001c0a3922, RSI=0x0000000000000003, RDI=0x000000000000002a
R8 =0x0000000000000001, R9 =0x0000000000000005, R10=0x0000000000000001, R11=0x0000000000000001
R12=0x000000001c0a3950, R13=0x000000001e2ac130, R14=0x000000001e2ac508, R15=0x00000000000003d8
RIP=0x000000006524c0ea, EFLAGS=0x0000000000010202

Top of Stack: (sp=0x000000001e79ed10)
0x000000001e79ed10:   0000000002e356d0 0000000000000000
0x000000001e79ed20:   0000000002c2cba0 0000000002c2cb60
0x000000001e79ed30:   000000000000002a 00000000652cf458
0x000000001e79ed40:   000000001e79f0c0 0000000065357a90
0x000000001e79ed50:   0000000000000014 0000000000000000
0x000000001e79ed60:   0000000000000000 0000000000000000
0x000000001e79ed70:   0000000002c2cb60 0000000002e68f00
0x000000001e79ed80:   0000000002e356d0 0000000000000000
0x000000001e79ed90:   0000000002c2cba0 0000000002c2cb60
0x000000001e79eda0:   0000000000000000 00000000652cf620
0x000000001e79edb0:   000000001c643eb0 000000001e2a2800
0x000000001e79edc0:   000000001efa1cc0 000000001e79f0c0
0x000000001e79edd0:   000000001e79f0c0 000000006535c390
0x000000001e79ede0:   0000000000000001 00007fff09303580
0x000000001e79edf0:   fc37375500000000 00000000653287a5
0x000000001e79ee00:   0000000000000000 0000000002d29ad0 

Instructions: (pc=0x000000006524c0ea)
0x000000006524c0ca:   ff ca 88 41 ff 75 ef 43 c6 04 10 00 49 8b c2 c3
0x000000006524c0da:   cc cc cc cc cc cc 48 89 5c 24 08 57 48 83 ec 20
0x000000006524c0ea:   0f b7 39 48 8b d9 33 d2 ff c7 48 63 cf e8 e4 1b
0x000000006524c0fa:   fb ff 4c 8b d8 85 ff 7e 45 44 0f b7 03 8d 57 ff 


Register to memory mapping:

RAX=0x000000001c0a38a8 is pointing into metadata
RBX=0x000000001e79f0c0 is pointing into the stack for thread: 0x000000001e2a2800
RCX=0x0000000000be00cd is an unknown value
RDX=0x000000000000ca82 is an unknown value
RSP=0x000000001e79ed10 is pointing into the stack for thread: 0x000000001e2a2800
RBP=0x000000001c0a3922 is pointing into metadata
RSI=0x0000000000000003 is an unknown value
RDI=0x000000000000002a is an unknown value
R8 =0x0000000000000001 is an unknown value
R9 =0x0000000000000005 is an unknown value
R10=0x0000000000000001 is an unknown value
R11=0x0000000000000001 is an unknown value
R12={method} {0x000000001c0a3958} 'shouldFetchOneCategoryByIdSuccessfully' '()V' in 'com/smartosc/training/service/CategoryServiceTest'
R13=0x000000001e2ac130 is an unknown value
R14=0x000000001e2ac508 is an unknown value
R15=0x00000000000003d8 is an unknown value


Stack: [0x000000001e6a0000,0x000000001e7a0000],  sp=0x000000001e79ed10,  free space=1019k
Native frames: (J=compiled Java code, j=interpreted, Vv=VM code, C=native code)
V  [jvm.dll+0x13c0ea]
V  [jvm.dll+0x1bf458]
V  [jvm.dll+0x1bf620]
V  [jvm.dll+0x24c390]
V  [jvm.dll+0x1a806c]
V  [jvm.dll+0x347765]
C  [jdwp.dll+0x6e10]
C  [jdwp.dll+0x7804]
C  [jdwp.dll+0xf15d]
C  [jdwp.dll+0x1f5c9]
C  [jdwp.dll+0x1f79e]
V  [jvm.dll+0x1be59a]
V  [jvm.dll+0x2467ef]
V  [jvm.dll+0x29fd2a]
C  [msvcr100.dll+0x21d9f]
C  [msvcr100.dll+0x21e3b]
C  [KERNEL32.DLL+0x17bd4]
C  [ntdll.dll+0x6ce51]


---------------  P R O C E S S  ---------------

Java Threads: ( => current thread )
  0x000000001ec2d800 JavaThread "Service Thread" daemon [_thread_blocked, id=1032, stack(0x000000001f4a0000,0x000000001f5a0000)]
  0x000000001ebb0000 JavaThread "C1 CompilerThread2" daemon [_thread_blocked, id=11384, stack(0x000000001f3a0000,0x000000001f4a0000)]
  0x000000001ebaf800 JavaThread "C2 CompilerThread1" daemon [_thread_blocked, id=3132, stack(0x000000001f2a0000,0x000000001f3a0000)]
  0x000000001eba9800 JavaThread "C2 CompilerThread0" daemon [_thread_blocked, id=4964, stack(0x000000001f1a0000,0x000000001f2a0000)]
  0x000000001e2b7800 JavaThread "JDWP Command Reader" daemon [_thread_in_native, id=10052, stack(0x000000001e8a0000,0x000000001e9a0000)]
  0x000000001e2ae000 JavaThread "JDWP Event Helper Thread" daemon [_thread_blocked, id=8160, stack(0x000000001e7a0000,0x000000001e8a0000)]
=>0x000000001e2a2800 JavaThread "JDWP Transport Listener: dt_socket" daemon [_thread_in_vm, id=6292, stack(0x000000001e6a0000,0x000000001e7a0000)]
  0x000000001c643000 JavaThread "Attach Listener" daemon [_thread_blocked, id=4900, stack(0x000000001e1a0000,0x000000001e2a0000)]
  0x000000001c642000 JavaThread "Signal Dispatcher" daemon [_thread_blocked, id=6224, stack(0x000000001e0a0000,0x000000001e1a0000)]
  0x000000001c623000 JavaThread "Finalizer" daemon [_thread_blocked, id=6660, stack(0x000000001dea0000,0x000000001dfa0000)]
  0x0000000002d2e000 JavaThread "Reference Handler" daemon [_thread_blocked, id=5780, stack(0x000000001dda0000,0x000000001dea0000)]
  0x0000000002c39000 JavaThread "main" [_thread_blocked, id=9812, stack(0x0000000002b30000,0x0000000002c30000)]

Other Threads:
  0x000000001c5f8000 VMThread [stack: 0x000000001dca0000,0x000000001dda0000] [id=11780]
  0x000000001ecf1000 WatcherThread [stack: 0x000000001f5a0000,0x000000001f6a0000] [id=8376]

VM state:not at safepoint (normal execution)

VM Mutex/Monitor currently owned by a thread: None

heap address: 0x00000006c1e00000, size: 4066 MB, Compressed Oops mode: Zero based, Oop shift amount: 3
Narrow klass base: 0x0000000000000000, Narrow klass shift: 3
Compressed class space size: 1073741824 Address: 0x00000007c0000000

Heap:
 PSYoungGen      total 76288K, used 62609K [0x000000076b500000, 0x0000000770a00000, 0x00000007c0000000)
  eden space 65536K, 86% used [0x000000076b500000,0x000000076ec438d8,0x000000076f500000)
  from space 10752K, 55% used [0x000000076f500000,0x000000076fae0f18,0x000000076ff80000)
  to   space 10752K, 0% used [0x000000076ff80000,0x000000076ff80000,0x0000000770a00000)
 ParOldGen       total 175104K, used 16K [0x00000006c1e00000, 0x00000006cc900000, 0x000000076b500000)
  object space 175104K, 0% used [0x00000006c1e00000,0x00000006c1e04000,0x00000006cc900000)
 Metaspace       used 14503K, capacity 15546K, committed 15744K, reserved 1062912K
  class space    used 2175K, capacity 2382K, committed 2432K, reserved 1048576K

Card table byte_map: [0x00000000121f0000,0x00000000129f0000] byte_map_base: 0x000000000ebe1000

Marking Bits: (ParMarkBitMap*) 0x000000006593be30
 Begin Bits: [0x0000000013540000, 0x00000000174c8000)
 End Bits:   [0x00000000174c8000, 0x000000001b450000)

Polling page: 0x00000000007f0000

CodeCache: size=245760Kb used=5522Kb max_used=5533Kb free=240237Kb
 bounds [0x0000000002e30000, 0x00000000033a0000, 0x0000000011e30000]
 total_blobs=1970 nmethods=1618 adapters=272
 compilation: enabled

Compilation events (10 events):
Event: 2674.377 Thread 0x000000001ebb0000 1619       3       java.util.LinkedList$Node::<init> (20 bytes)
Event: 2674.377 Thread 0x000000001ebb0000 nmethod 1619 0x0000000003397a10 code [0x0000000003397b60, 0x0000000003397d50]
Event: 2674.384 Thread 0x000000001ebb0000 1620       3       java.util.regex.Pattern$Branch::match (66 bytes)
Event: 2674.384 Thread 0x000000001ebb0000 nmethod 1620 0x0000000002f340d0 code [0x0000000002f34260, 0x0000000002f34758]
Event: 2674.386 Thread 0x000000001ebb0000 1621       3       java.util.LinkedList::checkPositionIndex (22 bytes)
Event: 2674.387 Thread 0x000000001ebb0000 nmethod 1621 0x0000000003397e10 code [0x0000000003398040, 0x0000000003398c38]
Event: 2674.387 Thread 0x000000001ebb0000 1622       3       java.util.LinkedList::isPositionIndex (18 bytes)
Event: 2674.387 Thread 0x000000001ebb0000 nmethod 1622 0x0000000002f42c50 code [0x0000000002f42da0, 0x0000000002f42f90]
Event: 2794.299 Thread 0x000000001eba9800 1623       4       java.lang.String::toCharArray (25 bytes)
Event: 2794.300 Thread 0x000000001eba9800 nmethod 1623 0x0000000002f464d0 code [0x0000000002f46620, 0x0000000002f46778]

GC Heap History (2 events):
Event: 1.248 GC heap before
{Heap before GC invocations=1 (full 0):
 PSYoungGen      total 76288K, used 65536K [0x000000076b500000, 0x0000000770a00000, 0x00000007c0000000)
  eden space 65536K, 100% used [0x000000076b500000,0x000000076f500000,0x000000076f500000)
  from space 10752K, 0% used [0x000000076ff80000,0x000000076ff80000,0x0000000770a00000)
  to   space 10752K, 0% used [0x000000076f500000,0x000000076f500000,0x000000076ff80000)
 ParOldGen       total 175104K, used 0K [0x00000006c1e00000, 0x00000006cc900000, 0x000000076b500000)
  object space 175104K, 0% used [0x00000006c1e00000,0x00000006c1e00000,0x00000006cc900000)
 Metaspace       used 10807K, capacity 11686K, committed 11904K, reserved 1058816K
  class space    used 1465K, capacity 1640K, committed 1664K, reserved 1048576K
Event: 1.253 GC heap after
Heap after GC invocations=1 (full 0):
 PSYoungGen      total 76288K, used 6019K [0x000000076b500000, 0x0000000770a00000, 0x00000007c0000000)
  eden space 65536K, 0% used [0x000000076b500000,0x000000076b500000,0x000000076f500000)
  from space 10752K, 55% used [0x000000076f500000,0x000000076fae0f18,0x000000076ff80000)
  to   space 10752K, 0% used [0x000000076ff80000,0x000000076ff80000,0x0000000770a00000)
 ParOldGen       total 175104K, used 16K [0x00000006c1e00000, 0x00000006cc900000, 0x000000076b500000)
  object space 175104K, 0% used [0x00000006c1e00000,0x00000006c1e04000,0x00000006cc900000)
 Metaspace       used 10807K, capacity 11686K, committed 11904K, reserved 1058816K
  class space    used 1465K, capacity 1640K, committed 1664K, reserved 1048576K
}

Deoptimization events (10 events):
Event: 1.006 Thread 0x0000000002c39000 Uncommon trap: reason=unstable_if action=reinterpret pc=0x00000000031137b4 method=java.lang.String.lastIndexOf([CII[CIII)I @ 17
Event: 1.376 Thread 0x0000000002c39000 Uncommon trap: reason=range_check action=make_not_entrant pc=0x000000000305bed0 method=sun.reflect.generics.parser.SignatureParser.current()C @ 34
Event: 1.404 Thread 0x0000000002c39000 Uncommon trap: reason=bimorphic action=maybe_recompile pc=0x000000000324c87c method=java.util.HashMap.putVal(ILjava/lang/Object;Ljava/lang/Object;ZZ)Ljava/lang/Object; @ 203
Event: 1.404 Thread 0x0000000002c39000 Uncommon trap: reason=bimorphic action=maybe_recompile pc=0x000000000324c87c method=java.util.HashMap.putVal(ILjava/lang/Object;Ljava/lang/Object;ZZ)Ljava/lang/Object; @ 203
Event: 1.405 Thread 0x0000000002c39000 Uncommon trap: reason=bimorphic action=maybe_recompile pc=0x00000000032432ec method=java.util.HashMap.putVal(ILjava/lang/Object;Ljava/lang/Object;ZZ)Ljava/lang/Object; @ 203
Event: 1.405 Thread 0x0000000002c39000 Uncommon trap: reason=bimorphic action=maybe_recompile pc=0x00000000032432ec method=java.util.HashMap.putVal(ILjava/lang/Object;Ljava/lang/Object;ZZ)Ljava/lang/Object; @ 203
Event: 1.405 Thread 0x0000000002c39000 Uncommon trap: reason=bimorphic action=maybe_recompile pc=0x000000000324c87c method=java.util.HashMap.putVal(ILjava/lang/Object;Ljava/lang/Object;ZZ)Ljava/lang/Object; @ 203
Event: 1.605 Thread 0x0000000002c39000 Uncommon trap: reason=unstable_if action=reinterpret pc=0x0000000002f43800 method=java.lang.CharacterData.of(I)Ljava/lang/CharacterData; @ 4
Event: 16.101 Thread 0x0000000002c39000 Uncommon trap: reason=unstable_if action=reinterpret pc=0x000000000313ab64 method=java.lang.AbstractStringBuilder.append(Ljava/lang/String;)Ljava/lang/AbstractStringBuilder; @ 1
Event: 16.101 Thread 0x0000000002c39000 Uncommon trap: reason=unstable_if action=reinterpret pc=0x00000000030856e0 method=java.lang.AbstractStringBuilder.append(Ljava/lang/String;)Ljava/lang/AbstractStringBuilder; @ 1

Classes redefined (4 events):
Event: 2674.296 Thread 0x000000001c5f8000 redefined class name=com.smartosc.training.service.CategoryServiceTest, count=1
Event: 2747.059 Thread 0x000000001c5f8000 redefined class name=com.smartosc.training.service.CategoryServiceTest, count=2
Event: 2794.203 Thread 0x000000001c5f8000 redefined class name=com.smartosc.training.service.CategoryServiceTest, count=3
Event: 3538.941 Thread 0x000000001c5f8000 redefined class name=com.smartosc.training.service.CategoryServiceTest, count=4

Internal exceptions (10 events):
Event: 1.005 Thread 0x0000000002c39000 Exception <a 'java/io/FileNotFoundException'> (0x000000076df30230) thrown at [C:\ade\jenkins\workspace\8-2-build-windows-amd64-cygwin\jdk8u241\331\hotspot\src\share\vm\prims\jni.cpp, line 710]
Event: 1.376 Thread 0x0000000002c39000 Exception <a 'java/lang/ArrayIndexOutOfBoundsException': 18> (0x000000076c8fc770) thrown at [C:\ade\jenkins\workspace\8-2-build-windows-amd64-cygwin\jdk8u241\331\hotspot\src\share\vm\interpreter\interpreterRuntime.cpp, line 368]
Event: 1.384 Thread 0x0000000002c39000 Exception <a 'java/lang/ArrayIndexOutOfBoundsException': 22> (0x000000076ca0d058) thrown at [C:\ade\jenkins\workspace\8-2-build-windows-amd64-cygwin\jdk8u241\331\hotspot\src\share\vm\interpreter\interpreterRuntime.cpp, line 368]
Event: 1.385 Thread 0x0000000002c39000 Exception <a 'java/lang/ArrayIndexOutOfBoundsException': 160> (0x000000076ca14800) thrown at [C:\ade\jenkins\workspace\8-2-build-windows-amd64-cygwin\jdk8u241\331\hotspot\src\share\vm\interpreter\interpreterRuntime.cpp, line 368]
Event: 1.387 Thread 0x0000000002c39000 Exception <a 'java/lang/ArrayIndexOutOfBoundsException': 132> (0x000000076ca44a58) thrown at [C:\ade\jenkins\workspace\8-2-build-windows-amd64-cygwin\jdk8u241\331\hotspot\src\share\vm\interpreter\interpreterRuntime.cpp, line 368]
Event: 1.600 Thread 0x0000000002c39000 Exception <a 'java/lang/IncompatibleClassChangeError': Found class java.lang.Object, but interface was expected> (0x000000076e67cb88) thrown at [C:\ade\jenkins\workspace\8-2-build-windows-amd64-cygwin\jdk8u241\331\hotspot\src\share\vm\interpreter\linkReso
Event: 5.288 Thread 0x0000000002c39000 Exception <a 'java/lang/ArrayIndexOutOfBoundsException': 81> (0x000000076eade090) thrown at [C:\ade\jenkins\workspace\8-2-build-windows-amd64-cygwin\jdk8u241\331\hotspot\src\share\vm\interpreter\interpreterRuntime.cpp, line 368]
Event: 16.101 Thread 0x0000000002c39000 Implicit null exception at 0x000000000313a659 to 0x000000000313ab49
Event: 16.101 Thread 0x0000000002c39000 Implicit null exception at 0x0000000003085216 to 0x00000000030856c9
Event: 38.336 Thread 0x0000000002c39000 Exception <a 'java/lang/NoSuchMethodError': org.slf4j.impl.StaticMDCBinder.getSingleton()Lorg/slf4j/impl/StaticMDCBinder;> (0x000000076ebfb8b8) thrown at [C:\ade\jenkins\workspace\8-2-build-windows-amd64-cygwin\jdk8u241\331\hotspot\src\share\vm\interprete

Events (10 events):
Event: 3538.957 Executing VM operation: ChangeBreakpoints
Event: 3538.957 Executing VM operation: ChangeBreakpoints done
Event: 3538.958 Executing VM operation: ChangeBreakpoints
Event: 3538.958 Executing VM operation: ChangeBreakpoints done
Event: 3538.962 Executing VM operation: ChangeBreakpoints
Event: 3538.963 Executing VM operation: ChangeBreakpoints done
Event: 3538.963 Executing VM operation: ChangeBreakpoints
Event: 3538.964 Executing VM operation: ChangeBreakpoints done
Event: 3538.973 Executing VM operation: GetOrSetLocal
Event: 3538.973 Executing VM operation: GetOrSetLocal done


Dynamic libraries:
0x00007ff691960000 - 0x00007ff691997000 	C:\Program Files\Java\jdk1.8.0_241\bin\java.exe
0x00007fff091a0000 - 0x00007fff09390000 	C:\Windows\SYSTEM32\ntdll.dll
0x00007fff07d00000 - 0x00007fff07db2000 	C:\Windows\System32\KERNEL32.DLL
0x00007fff06360000 - 0x00007fff06604000 	C:\Windows\System32\KERNELBASE.dll
0x00007fff07c50000 - 0x00007fff07cf3000 	C:\Windows\System32\ADVAPI32.dll
0x00007fff08c50000 - 0x00007fff08cee000 	C:\Windows\System32\msvcrt.dll
0x00007fff08880000 - 0x00007fff08917000 	C:\Windows\System32\sechost.dll
0x00007fff078c0000 - 0x00007fff079e0000 	C:\Windows\System32\RPCRT4.dll
0x00007fff072b0000 - 0x00007fff07444000 	C:\Windows\System32\USER32.dll
0x00007fff07220000 - 0x00007fff07241000 	C:\Windows\System32\win32u.dll
0x00007fff07e20000 - 0x00007fff07e46000 	C:\Windows\System32\GDI32.dll
0x00007fff06610000 - 0x00007fff067a5000 	C:\Windows\System32\gdi32full.dll
0x00007fff067b0000 - 0x00007fff0684e000 	C:\Windows\System32\msvcp_win.dll
0x00007fff069a0000 - 0x00007fff06a9a000 	C:\Windows\System32\ucrtbase.dll
0x00007ffef1fe0000 - 0x00007ffef2264000 	C:\Windows\WinSxS\amd64_microsoft.windows.common-controls_6595b64144ccf1df_6.0.18362.900_none_e6beb9d913147d17\COMCTL32.dll
0x00007fff07450000 - 0x00007fff07785000 	C:\Windows\System32\combase.dll
0x00007fff062e0000 - 0x00007fff06360000 	C:\Windows\System32\bcryptPrimitives.dll
0x00007fff07a40000 - 0x00007fff07a6e000 	C:\Windows\System32\IMM32.DLL
0x00000000659c0000 - 0x0000000065a92000 	C:\Program Files\Java\jdk1.8.0_241\jre\bin\msvcr100.dll
0x0000000065110000 - 0x00000000659bc000 	C:\Program Files\Java\jdk1.8.0_241\jre\bin\server\jvm.dll
0x00007fff07e50000 - 0x00007fff07e58000 	C:\Windows\System32\PSAPI.DLL
0x00007ffefe600000 - 0x00007ffefe609000 	C:\Windows\SYSTEM32\WSOCK32.dll
0x00007fff041d0000 - 0x00007fff041f4000 	C:\Windows\SYSTEM32\WINMM.dll
0x00007fff07e60000 - 0x00007fff07ecf000 	C:\Windows\System32\WS2_32.dll
0x00007fff01500000 - 0x00007fff0150a000 	C:\Windows\SYSTEM32\VERSION.dll
0x00007fff040a0000 - 0x00007fff040cd000 	C:\Windows\SYSTEM32\WINMMBASE.dll
0x00007fff06130000 - 0x00007fff0617a000 	C:\Windows\System32\cfgmgr32.dll
0x00007fff02a50000 - 0x00007fff02a5f000 	C:\Program Files\Java\jdk1.8.0_241\jre\bin\verify.dll
0x00007ffefe530000 - 0x00007ffefe559000 	C:\Program Files\Java\jdk1.8.0_241\jre\bin\java.dll
0x00007fff029e0000 - 0x00007fff02a15000 	C:\Program Files\Java\jdk1.8.0_241\jre\bin\jdwp.dll
0x00007ffefe310000 - 0x00007ffefe318000 	C:\Program Files\Java\jdk1.8.0_241\jre\bin\npt.dll
0x00007ffefe4d0000 - 0x00007ffefe4f3000 	C:\Program Files\Java\jdk1.8.0_241\jre\bin\instrument.dll
0x00007ffefe510000 - 0x00007ffefe526000 	C:\Program Files\Java\jdk1.8.0_241\jre\bin\zip.dll
0x00007fff07ed0000 - 0x00007fff085b6000 	C:\Windows\System32\SHELL32.dll
0x00007fff085c0000 - 0x00007fff08669000 	C:\Windows\System32\shcore.dll
0x00007fff06aa0000 - 0x00007fff07220000 	C:\Windows\System32\windows.storage.dll
0x00007fff060e0000 - 0x00007fff06103000 	C:\Windows\System32\profapi.dll
0x00007fff06090000 - 0x00007fff060da000 	C:\Windows\System32\powrprof.dll
0x00007fff06060000 - 0x00007fff06070000 	C:\Windows\System32\UMPDC.dll
0x00007fff07dc0000 - 0x00007fff07e12000 	C:\Windows\System32\shlwapi.dll
0x00007fff06110000 - 0x00007fff06121000 	C:\Windows\System32\kernel.appcore.dll
0x00007fff06210000 - 0x00007fff06227000 	C:\Windows\System32\cryptsp.dll
0x00007ffefe300000 - 0x00007ffefe309000 	C:\Program Files\Java\jdk1.8.0_241\jre\bin\dt_socket.dll
0x00007fff05870000 - 0x00007fff058d7000 	C:\Windows\system32\mswsock.dll
0x00007ffef5550000 - 0x00007ffef5744000 	C:\Windows\SYSTEM32\dbghelp.dll

VM Arguments:
jvm_args: -agentlib:jdwp=transport=dt_socket,address=127.0.0.1:52233,suspend=y,server=n -ea -Didea.test.cyclic.buffer.size=1048576 -javaagent:C:\Users\PC\AppData\Local\JetBrains\IntelliJIdea2020.1\captureAgent\debugger-agent.jar -Dfile.encoding=UTF-8 
java_command: com.intellij.rt.junit.JUnitStarter -ideVersion5 -junit5 com.smartosc.training.service.CategoryServiceTest,shouldFetchOneCategoryByIdSuccessfully
java_class_path (initial): C:\Program Files\JetBrains\IntelliJ IDEA 2019.3.3\lib\idea_rt.jar;C:\Users\PC\.m2\repository\org\junit\platform\junit-platform-launcher\1.5.2\junit-platform-launcher-1.5.2.jar;C:\Program Files\JetBrains\IntelliJ IDEA 2019.3.3\plugins\junit\lib\junit5-rt.jar;C:\Program Files\JetBrains\IntelliJ IDEA 2019.3.3\plugins\junit\lib\junit-rt.jar;C:\Program Files\Java\jdk1.8.0_241\jre\lib\charsets.jar;C:\Program Files\Java\jdk1.8.0_241\jre\lib\deploy.jar;C:\Program Files\Java\jdk1.8.0_241\jre\lib\ext\access-bridge-64.jar;C:\Program Files\Java\jdk1.8.0_241\jre\lib\ext\cldrdata.jar;C:\Program Files\Java\jdk1.8.0_241\jre\lib\ext\dnsns.jar;C:\Program Files\Java\jdk1.8.0_241\jre\lib\ext\jaccess.jar;C:\Program Files\Java\jdk1.8.0_241\jre\lib\ext\jfxrt.jar;C:\Program Files\Java\jdk1.8.0_241\jre\lib\ext\localedata.jar;C:\Program Files\Java\jdk1.8.0_241\jre\lib\ext\nashorn.jar;C:\Program Files\Java\jdk1.8.0_241\jre\lib\ext\sunec.jar;C:\Program Files\Java\jdk1.8.0_241\jre\lib\ext\sunjce_provider.jar;C:\Program Files\Java\jdk1.8.0_241\jre\lib\ext\sunmscapi.jar;C:\Program Files\Java\jdk1.8.0_241\jre\lib\ext\sunpkcs11.jar;C:\Program Files\Java\jdk1.8.0_241\jre\lib\ext\zipfs.jar;C:\Program Files\Java\jdk1.8.0_241\jre\lib\javaws.jar;C:\Program Files\Java\jdk1.8.0_241\jre\lib\jce.jar;C:\Program Files\Java\jdk1.8.0_241\jre\lib\jfr.jar;C:\Program Files\Java\jdk1.8.0_241\jre\lib\jfxswt.jar;C:\Program Files\Java\jdk1.8.0_241\jre\lib\jsse.jar;C:\Program Files\Java\jdk1.8.0_241\jre\lib\management-agent.jar;C:\Program Files\Java\jdk1.8.0_241\jre\lib\plugin.jar;C:\Program Files\Java\jdk1.8.0_241\jre\lib\resources.jar;C:\Program Files\Java\jdk1.8.0_241\jre\lib\rt.jar;D:\learn\smartosc_team3\products\target\test-classes;D:\learn\smartosc_team3\products\target\classes;C:\Users\PC\.m2\repository\org\springframework\boot\spring-boot-starter-web\2.2.2.RELEASE\spring-boot-starter-web-2.2.2.RELEASE.jar;C:\Users\PC\.m2\repository\org\springframework\boot\spring-boot-starter\2.2.2
Launcher Type: SUN_STANDARD

Environment Variables:
JAVA_HOME=C:\Program Files\Java\jdk1.8.0_241
PATH=C:\Program Files (x86)\Common Files\Oracle\Java\javapath;C:\Windows\system32;C:\Windows;C:\Windows\System32\Wbem;C:\Windows\System32\WindowsPowerShell\v1.0\;C:\Windows\System32\OpenSSH\;D:\apache-maven-3.6.3\bin;C:\Program Files\Git\cmd;C:\Program Files\nodejs\;C:\Users\PC\AppData\Local\Microsoft\WindowsApps;C:\Users\PC\AppData\Roaming\npm;C:\Users\PC\AppData\Local\Programs\Microsoft VS Code\bin
USERNAME=PC
OS=Windows_NT
PROCESSOR_IDENTIFIER=Intel64 Family 6 Model 158 Stepping 13, GenuineIntel



---------------  S Y S T E M  ---------------

OS: Windows 10.0 , 64 bit Build 18362 (10.0.18362.900)

CPU:total 6 (initial active 6) (6 cores per cpu, 1 threads per core) family 6 model 158 stepping 13, cmov, cx8, fxsr, mmx, sse, sse2, sse3, ssse3, sse4.1, sse4.2, popcnt, avx, avx2, aes, clmul, erms, 3dnowpref, lzcnt, tsc, tscinvbit, bmi1, bmi2, adx

Memory: 4k page, physical 16646404k(9495680k free), swap 19136772k(10352564k free)

vm_info: Java HotSpot(TM) 64-Bit Server VM (25.241-b07) for windows-amd64 JRE (1.8.0_241-b07), built on Dec 11 2019 10:21:40 by "rejava" with MS VC++ 10.0 (VS2010)

time: Tue Jun 16 13:55:42 2020
timezone: SE Asia Standard Time
elapsed time: 3539 seconds (0d 0h 58m 59s)

